<?xml version="1.0" encoding="UTF-8"?>
<!-- Generated by org.testng.reporters.JUnitReportReporter -->
<testsuite hostname="DESKTOP-7APVUQ4" failures="0" tests="1" name="testRunner.GreenkartTestRunnerTestNG" time="12.232" errors="0" timestamp="2023-02-25T22:17:51 IST" skipped="0">
  <testcase classname="testRunner.GreenkartTestRunnerTestNG" name="runScenario" time="12.232"/>
  <system-out/>
</testsuite> <!-- testRunner.GreenkartTestRunnerTestNG -->
